<?xml version="1.0" encoding="UTF-8"?>
<testsuite xmlns:xsi="http://www.w3.org/2001/XMLSchema-instance" xsi:noNamespaceSchemaLocation="https://maven.apache.org/surefire/maven-surefire-plugin/xsd/surefire-test-report.xsd" name="ClassRoomsTest" time="0.004" tests="5" errors="0" skipped="0" failures="0">
  <properties>
[...]
</properties>
  <testcase name="testCase_1" classname="ClassRoomsTest" time="0"/>
  <testcase name="testCase_2" classname="ClassRoomsTest" time="0.002"/>
  <testcase name="testCase_3" classname="ClassRoomsTest" time="0.001"/>
  <testcase name="testCase_4" classname="ClassRoomsTest" time="0.001"/>
  <testcase name="testCase_5" classname="ClassRoomsTest" time="0"/>
</testsuite>